<?xml version="1.0" encoding="UTF-8"?>
<testng-results ignored="0" total="4" passed="4" failed="0" skipped="0">
  <reporter-output>
  </reporter-output>
  <suite started-at="2023-02-06T15:49:51 IST" name="Suite" finished-at="2023-02-06T15:52:06 IST" duration-ms="135091">
    <groups>
    </groups>
    <test started-at="2023-02-06T15:49:51 IST" name="Test" finished-at="2023-02-06T15:52:06 IST" duration-ms="135091">
      <class name="testNG.Amazontng">
        <test-method signature="Amazon()[pri:0, instance:testNG.Amazontng@22ef9844]" started-at="2023-02-06T15:50:46 IST" name="Amazon" finished-at="2023-02-06T15:51:12 IST" duration-ms="25410" status="PASS">
          <reporter-output>
          </reporter-output>
        </test-method> <!-- Amazon -->
      </class> <!-- testNG.Amazontng -->
      <class name="testNG.Facebooktng">
        <test-method signature="Facebook()[pri:0, instance:testNG.Facebooktng@3b6ddd1d]" started-at="2023-02-06T15:51:34 IST" name="Facebook" finished-at="2023-02-06T15:52:06 IST" duration-ms="31423" status="PASS">
          <reporter-output>
          </reporter-output>
        </test-method> <!-- Facebook -->
      </class> <!-- testNG.Facebooktng -->
      <class name="testNG.Flipkarttng">
        <test-method signature="Flipkart()[pri:0, instance:testNG.Flipkarttng@71238fc2]" started-at="2023-02-06T15:49:51 IST" name="Flipkart" finished-at="2023-02-06T15:50:46 IST" duration-ms="55772" status="PASS">
          <reporter-output>
          </reporter-output>
        </test-method> <!-- Flipkart -->
      </class> <!-- testNG.Flipkarttng -->
      <class name="testNG.Googletng">
        <test-method signature="Google()[pri:0, instance:testNG.Googletng@6283d8b8]" started-at="2023-02-06T15:51:12 IST" name="Google" finished-at="2023-02-06T15:51:34 IST" duration-ms="22414" status="PASS">
          <reporter-output>
          </reporter-output>
        </test-method> <!-- Google -->
      </class> <!-- testNG.Googletng -->
    </test> <!-- Test -->
  </suite> <!-- Suite -->
</testng-results>
