<?xml version="1.0" encoding="UTF-8"?>
<!-- Generated by org.testng.reporters.JUnitXMLReporter -->
<testsuite ignored="3" hostname="WINCTRL-CA14OA6" failures="0" tests="2" name="testing" time="0.118" errors="0" timestamp="2023-01-18T12:26:06 IST">
  <testcase classname="advancetestng.GroupExamples" name="testCaseFive" time="0.013"/>
  <testcase classname="advancetestng.GroupExamples" name="testCaseThree" time="0.003"/>
  <testcase classname="advancetestng.GroupExamples" name="testCaseFour" time="0.0">
    <ignored/>
  </testcase> <!-- testCaseFour -->
  <testcase classname="advancetestng.GroupExamples" name="testCaseOne" time="0.0">
    <ignored/>
  </testcase> <!-- testCaseOne -->
  <testcase classname="advancetestng.GroupExamples" name="testCaseTwo" time="0.0">
    <ignored/>
  </testcase> <!-- testCaseTwo -->
</testsuite> <!-- testing -->
