<?xml version="1.0" encoding="UTF-8"?>
<!-- Generated by org.testng.reporters.JUnitXMLReporter -->
<testsuite ignored="0" hostname="WINCTRL-CA14OA6" failures="0" tests="4" name="Testing Parameterization" time="115.739" errors="0" timestamp="2023-01-18T12:37:33 IST">
  <testcase classname="advancetestng.Parameterization" name="testCaseOne" time="0.012"/>
  <testcase classname="advancetestng.Parameterization" name="testCaseThree" time="0.003"/>
  <testcase classname="advancetestng.Parameterization" name="testCaseTwo" time="0.007"/>
  <testcase classname="advancetestng.Parameterization" name="testLoginOfVtiger" time="115.635"/>
</testsuite> <!-- Testing Parameterization -->
