<?xml version="1.0" encoding="UTF-8"?>
<!-- Generated by org.testng.reporters.JUnitXMLReporter -->
<testsuite ignored="3" hostname="WINCTRL-CA14OA6" failures="1" tests="1" name="Default test(failed)" time="0.065" errors="0" timestamp="13 Jan 2023 06:41:06 GMT">
  <testcase classname="datadriventesting.ReadExcel" name="sheetOps" time="0.011">
    <failure type="java.io.FileNotFoundException" message=".src\test\resources\AppData\AppTestData.xlsx (The system cannot find the path specified)">
      <![CDATA[java.io.FileNotFoundException: .src\test\resources\AppData\AppTestData.xlsx (The system cannot find the path specified)
at java.base/java.io.FileInputStream.open0(Native Method)
at java.base/java.io.FileInputStream.open(FileInputStream.java:216)
at java.base/java.io.FileInputStream.<init>(FileInputStream.java:157)
at java.base/java.io.FileInputStream.<init>(FileInputStream.java:111)
at datadriventesting.ReadExcel.sheetOps(ReadExcel.java:24)
... Removed 25 stack frames]]>
    </failure>
  </testcase> <!-- sheetOps -->
  <testcase classname="datadriventesting.ReadExcel" name="readDiffrenetTypeOfDataFromExcel" time="0.0">
    <ignored/>
  </testcase> <!-- readDiffrenetTypeOfDataFromExcel -->
  <testcase classname="datadriventesting.ReadExcel" name="rowOps" time="0.0">
    <ignored/>
  </testcase> <!-- rowOps -->
  <testcase classname="datadriventesting.ReadExcel" name="cellOps" time="0.0">
    <ignored/>
  </testcase> <!-- cellOps -->
</testsuite> <!-- Default test(failed) -->
