<?xml version="1.0" encoding="UTF-8"?>
<!-- Generated by org.testng.reporters.JUnitXMLReporter -->
<testsuite ignored="0" hostname="WINCTRL-CA14OA6" failures="0" tests="4" name="Test" time="135.091" errors="0" timestamp="2023-02-06T15:52:06 IST">
  <testcase classname="testNG.Flipkarttng" name="Flipkart" time="55.772"/>
  <testcase classname="testNG.Amazontng" name="Amazon" time="25.41"/>
  <testcase classname="testNG.Googletng" name="Google" time="22.414"/>
  <testcase classname="testNG.Facebooktng" name="Facebook" time="31.423"/>
</testsuite> <!-- Test -->
