<?xml version="1.0" encoding="UTF-8"?>
<!-- Generated by org.testng.reporters.JUnitXMLReporter -->
<testsuite ignored="0" hostname="WINCTRL-CA14OA6" failures="1" tests="6" name="Test" time="24.658" errors="0" timestamp="2023-02-03T17:07:50 IST">
  <testcase classname="testNG1.GoogleSearch" name="testSearchPage" time="5.29"/>
  <testcase classname="testNG1.ExecuteAuto" name="ExecuteAutomation" time="8.71"/>
  <testcase classname="testNG1.ExcelReading" name="getCellDetails" time="0.626">
    <failure type="java.lang.IllegalStateException" message="Cannot get a text value from a numeric cell">
      <![CDATA[java.lang.IllegalStateException: Cannot get a text value from a numeric cell
at org.apache.poi.xssf.usermodel.XSSFCell.typeMismatch(XSSFCell.java:845)
at org.apache.poi.xssf.usermodel.XSSFCell.getRichStringCellValue(XSSFCell.java:294)
at org.apache.poi.xssf.usermodel.XSSFCell.getStringCellValue(XSSFCell.java:246)
at testNG1.ExcelReading.getCellDetails(ExcelReading.java:73)
at java.base/java.util.ArrayList.forEach(ArrayList.java:1511)
... Removed 27 stack frames]]>
    </failure>
  </testcase> <!-- getCellDetails -->
  <testcase classname="testNG1.ExcelReading" name="getDiffTypeOfCellData" time="0.075"/>
  <testcase classname="testNG1.ExcelReading" name="getRowDetails" time="0.059"/>
  <testcase classname="testNG1.ExcelReading" name="readSheetDetails" time="0.072"/>
</testsuite> <!-- Test -->
